<?xml version="1.0" encoding="UTF-8"?>
<!-- Generated by org.testng.reporters.JUnitReportReporter -->
<testsuite hostname="DESKTOP-L1E3R1F" failures="0" tests="5" name="tests.AmazonSearchDataDrivenTest" time="0.015" errors="0" timestamp="2021-06-05T12:01:33 EDT" skipped="0">
  <testcase classname="tests.AmazonSearchDataDrivenTest" name="test" time="0.002"/>
  <system-out/>
  <testcase classname="tests.AmazonSearchDataDrivenTest" name="test" time="0.001"/>
  <system-out/>
  <testcase classname="tests.AmazonSearchDataDrivenTest" name="test" time="0.002"/>
  <system-out/>
  <testcase classname="tests.AmazonSearchDataDrivenTest" name="test" time="0.005"/>
  <system-out/>
  <testcase classname="tests.AmazonSearchDataDrivenTest" name="test" time="0.005"/>
  <system-out/>
</testsuite> <!-- tests.AmazonSearchDataDrivenTest -->
