<?xml version="1.0" encoding="UTF-8"?>
<!-- Generated by org.testng.reporters.JUnitReportReporter -->
<testsuite hostname="DESKTOP-L1E3R1F" failures="0" tests="1" name="tests.AmazonSearchTest" time="8.998" errors="0" timestamp="2021-05-29T12:34:48 EDT" skipped="0">
  <testcase classname="tests.AmazonSearchTest" name="amazonSearchTest" time="8.998"/>
  <system-out/>
</testsuite> <!-- tests.AmazonSearchTest -->
